  [1m[36m (117.8ms)[0m  [1mCREATE TABLE "schema_migrations" ("version" character varying(255) NOT NULL) [0m
  [1m[35m (105.5ms)[0m  CREATE UNIQUE INDEX  "unique_schema_migrations" ON "schema_migrations"  ("version")
  [1m[36mActiveRecord::SchemaMigration Load (0.6ms)[0m  [1mSELECT "schema_migrations".* FROM "schema_migrations"[0m
Migrating to DeviseCreateUsers (20140612152141)
  [1m[35m (0.2ms)[0m  BEGIN
  [1m[36m (146.8ms)[0m  [1mCREATE TABLE "users" ("id" serial primary key, "name" character varying(255), "phone" integer, "email" character varying(255) DEFAULT '' NOT NULL, "encrypted_password" character varying(255) DEFAULT '' NOT NULL, "reset_password_token" character varying(255), "reset_password_sent_at" timestamp, "remember_created_at" timestamp, "sign_in_count" integer DEFAULT 0 NOT NULL, "current_sign_in_at" timestamp, "last_sign_in_at" timestamp, "current_sign_in_ip" character varying(255), "last_sign_in_ip" character varying(255), "created_at" timestamp, "updated_at" timestamp) [0m
  [1m[35m (1.3ms)[0m  CREATE UNIQUE INDEX  "index_users_on_email" ON "users"  ("email")
  [1m[36m (0.8ms)[0m  [1mCREATE UNIQUE INDEX  "index_users_on_reset_password_token" ON "users"  ("reset_password_token")[0m
  [1m[35mSQL (36.0ms)[0m  INSERT INTO "schema_migrations" ("version") VALUES ($1)  [["version", "20140612152141"]]
  [1m[36m (1.4ms)[0m  [1mCOMMIT[0m
Migrating to CreateUsers (20140612223743)
  [1m[36m (3.9ms)[0m  [1mCREATE TABLE "schema_migrations" ("version" character varying(255) NOT NULL) [0m
  [1m[35m (1.9ms)[0m  CREATE UNIQUE INDEX  "unique_schema_migrations" ON "schema_migrations"  ("version")
  [1m[36mActiveRecord::SchemaMigration Load (0.4ms)[0m  [1mSELECT "schema_migrations".* FROM "schema_migrations"[0m
Migrating to DeviseCreateUsers (20140612152141)
  [1m[35m (0.1ms)[0m  BEGIN
  [1m[36m (5.7ms)[0m  [1mCREATE TABLE "users" ("id" serial primary key, "name" character varying(255), "phone" integer, "email" character varying(255) DEFAULT '' NOT NULL, "encrypted_password" character varying(255) DEFAULT '' NOT NULL, "reset_password_token" character varying(255), "reset_password_sent_at" timestamp, "remember_created_at" timestamp, "sign_in_count" integer DEFAULT 0 NOT NULL, "current_sign_in_at" timestamp, "last_sign_in_at" timestamp, "current_sign_in_ip" character varying(255), "last_sign_in_ip" character varying(255), "created_at" timestamp, "updated_at" timestamp) [0m
  [1m[35m (1.0ms)[0m  CREATE UNIQUE INDEX  "index_users_on_email" ON "users"  ("email")
  [1m[36m (0.8ms)[0m  [1mCREATE UNIQUE INDEX  "index_users_on_reset_password_token" ON "users"  ("reset_password_token")[0m
  [1m[35mSQL (16.5ms)[0m  INSERT INTO "schema_migrations" ("version") VALUES ($1)  [["version", "20140612152141"]]
  [1m[36m (12.0ms)[0m  [1mCOMMIT[0m
Migrating to CreateUsers (20140612223743)
  [1m[36m (18.5ms)[0m  [1mCREATE TABLE "schema_migrations" ("version" character varying(255) NOT NULL) [0m
  [1m[35m (2.5ms)[0m  CREATE UNIQUE INDEX  "unique_schema_migrations" ON "schema_migrations"  ("version")
  [1m[36mActiveRecord::SchemaMigration Load (0.4ms)[0m  [1mSELECT "schema_migrations".* FROM "schema_migrations"[0m
Migrating to DeviseCreateUsers (20140612152141)
  [1m[35m (0.1ms)[0m  BEGIN
  [1m[36m (43.8ms)[0m  [1mCREATE TABLE "users" ("id" serial primary key, "name" character varying(255), "phone" integer, "email" character varying(255) DEFAULT '' NOT NULL, "encrypted_password" character varying(255) DEFAULT '' NOT NULL, "reset_password_token" character varying(255), "reset_password_sent_at" timestamp, "remember_created_at" timestamp, "sign_in_count" integer DEFAULT 0 NOT NULL, "current_sign_in_at" timestamp, "last_sign_in_at" timestamp, "current_sign_in_ip" character varying(255), "last_sign_in_ip" character varying(255), "created_at" timestamp, "updated_at" timestamp) [0m
  [1m[35m (29.9ms)[0m  CREATE UNIQUE INDEX  "index_users_on_email" ON "users"  ("email")
  [1m[36m (28.1ms)[0m  [1mCREATE UNIQUE INDEX  "index_users_on_reset_password_token" ON "users"  ("reset_password_token")[0m
  [1m[35mSQL (15.7ms)[0m  INSERT INTO "schema_migrations" ("version") VALUES ($1)  [["version", "20140612152141"]]
  [1m[36m (16.0ms)[0m  [1mCOMMIT[0m
Migrating to CreateEvents (20140612223750)
  [1m[35m (0.5ms)[0m  BEGIN
  [1m[36m (3.5ms)[0m  [1mCREATE TABLE "events" ("id" serial primary key, "requester_id" integer, "responder_id" integer, "latitude" float, "longitude" float, "active" boolean, "created_at" timestamp, "updated_at" timestamp) [0m
  [1m[35mSQL (17.6ms)[0m  INSERT INTO "schema_migrations" ("version") VALUES ($1)  [["version", "20140612223750"]]
  [1m[36m (0.6ms)[0m  [1mCOMMIT[0m
  [1m[35mActiveRecord::SchemaMigration Load (0.3ms)[0m  SELECT "schema_migrations".* FROM "schema_migrations"


Started GET "/users/new" for 127.0.0.1 at 2014-06-13 14:02:10 -0500
  [1m[36mActiveRecord::SchemaMigration Load (0.5ms)[0m  [1mSELECT "schema_migrations".* FROM "schema_migrations"[0m

ActionController::RoutingError (No route matches [GET] "/users/new"):
  actionpack (4.1.1) lib/action_dispatch/middleware/debug_exceptions.rb:21:in `call'
  actionpack (4.1.1) lib/action_dispatch/middleware/show_exceptions.rb:30:in `call'
  railties (4.1.1) lib/rails/rack/logger.rb:38:in `call_app'
  railties (4.1.1) lib/rails/rack/logger.rb:20:in `block in call'
  activesupport (4.1.1) lib/active_support/tagged_logging.rb:68:in `block in tagged'
  activesupport (4.1.1) lib/active_support/tagged_logging.rb:26:in `tagged'
  activesupport (4.1.1) lib/active_support/tagged_logging.rb:68:in `tagged'
  railties (4.1.1) lib/rails/rack/logger.rb:20:in `call'
  actionpack (4.1.1) lib/action_dispatch/middleware/request_id.rb:21:in `call'
  rack (1.5.2) lib/rack/methodoverride.rb:21:in `call'
  rack (1.5.2) lib/rack/runtime.rb:17:in `call'
  activesupport (4.1.1) lib/active_support/cache/strategy/local_cache_middleware.rb:26:in `call'
  rack (1.5.2) lib/rack/lock.rb:17:in `call'
  actionpack (4.1.1) lib/action_dispatch/middleware/static.rb:64:in `call'
  rack (1.5.2) lib/rack/sendfile.rb:112:in `call'
  railties (4.1.1) lib/rails/engine.rb:514:in `call'
  railties (4.1.1) lib/rails/application.rb:144:in `call'
  rack (1.5.2) lib/rack/lock.rb:17:in `call'
  rack (1.5.2) lib/rack/content_length.rb:14:in `call'
  rack (1.5.2) lib/rack/handler/webrick.rb:60:in `service'
  /Users/Tom/.rvm/rubies/ruby-2.0.0-p451/lib/ruby/2.0.0/webrick/httpserver.rb:138:in `service'
  /Users/Tom/.rvm/rubies/ruby-2.0.0-p451/lib/ruby/2.0.0/webrick/httpserver.rb:94:in `run'
  /Users/Tom/.rvm/rubies/ruby-2.0.0-p451/lib/ruby/2.0.0/webrick/server.rb:295:in `block in start_thread'


  Rendered /Users/Tom/.rvm/gems/ruby-2.0.0-p451/gems/actionpack-4.1.1/lib/action_dispatch/middleware/templates/rescues/_trace.html.erb (1.1ms)
  Rendered /Users/Tom/.rvm/gems/ruby-2.0.0-p451/gems/actionpack-4.1.1/lib/action_dispatch/middleware/templates/routes/_route.html.erb (1.5ms)
  Rendered /Users/Tom/.rvm/gems/ruby-2.0.0-p451/gems/actionpack-4.1.1/lib/action_dispatch/middleware/templates/routes/_table.html.erb (16.2ms)
  Rendered /Users/Tom/.rvm/gems/ruby-2.0.0-p451/gems/actionpack-4.1.1/lib/action_dispatch/middleware/templates/rescues/routing_error.html.erb within rescues/layout (52.6ms)


Started GET "/" for 127.0.0.1 at 2014-06-13 14:02:18 -0500
Processing by WelcomeController#index as HTML
  Rendered welcome/index.html.erb within layouts/application (0.7ms)
Completed 200 OK in 1618ms (Views: 1578.4ms | ActiveRecord: 0.0ms)


Started GET "/assets/user.css?body=1" for 127.0.0.1 at 2014-06-13 14:02:20 -0500


Started GET "/assets/jquery_ujs.js?body=1" for 127.0.0.1 at 2014-06-13 14:02:20 -0500


Started GET "/assets/turbolinks.js?body=1" for 127.0.0.1 at 2014-06-13 14:02:20 -0500


Started GET "/assets/application.js?body=1" for 127.0.0.1 at 2014-06-13 14:02:20 -0500


Started GET "/assets/user.js?body=1" for 127.0.0.1 at 2014-06-13 14:02:20 -0500


Started GET "/assets/jquery.js?body=1" for 127.0.0.1 at 2014-06-13 14:02:20 -0500


Started GET "/assets/application.css?body=1" for 127.0.0.1 at 2014-06-13 14:02:20 -0500


Started GET "/users/sign_in" for 127.0.0.1 at 2014-06-13 14:02:25 -0500
Processing by Devise::SessionsController#new as HTML
  Rendered devise/shared/_links.erb (1.3ms)
  Rendered devise/sessions/new.html.erb within layouts/application (63.4ms)
Completed 200 OK in 124ms (Views: 76.5ms | ActiveRecord: 1.4ms)


Started GET "/users/sign_up" for 127.0.0.1 at 2014-06-13 14:02:27 -0500
Processing by Devise::RegistrationsController#new as HTML
  Rendered devise/shared/_links.erb (0.4ms)
  Rendered devise/registrations/new.html.erb within layouts/application (3.6ms)
Completed 200 OK in 23ms (Views: 21.4ms | ActiveRecord: 0.0ms)


Started GET "/users/sign_up" for 127.0.0.1 at 2014-06-13 14:04:26 -0500
Processing by Devise::RegistrationsController#new as HTML
  Rendered devise/shared/_links.erb (0.2ms)
  Rendered devise/registrations/new.html.erb within layouts/application (2.8ms)
Completed 200 OK in 10ms (Views: 7.4ms | ActiveRecord: 0.0ms)


Started POST "/users" for 127.0.0.1 at 2014-06-13 14:04:35 -0500
Processing by Devise::RegistrationsController#create as HTML
  Parameters: {"utf8"=>"✓", "authenticity_token"=>"Ebb9IaNvIOSybQaQhURSyP9Cdey+T2eLUhvxj7jYkpo=", "user"=>{"email"=>"tomnullet@gmail.com", "password"=>"[FILTERED]", "password_confirmation"=>"[FILTERED]"}, "commit"=>"Sign up"}
  [1m[35m (0.2ms)[0m  BEGIN
  [1m[36mUser Exists (141.8ms)[0m  [1mSELECT  1 AS one FROM "users"  WHERE "users"."email" = 'tomnullet@gmail.com' LIMIT 1[0m
  [1m[35mSQL (56.5ms)[0m  INSERT INTO "users" ("created_at", "email", "encrypted_password", "updated_at") VALUES ($1, $2, $3, $4) RETURNING "id"  [["created_at", "2014-06-13 19:04:35.675460"], ["email", "tomnullet@gmail.com"], ["encrypted_password", "$2a$10$Cpr6eW1CQw7r7qtj6aWtjejnqQimEYvpFt00aAqdbXtXwlMptROS6"], ["updated_at", "2014-06-13 19:04:35.675460"]]
  [1m[36m (18.8ms)[0m  [1mCOMMIT[0m
  [1m[35m (0.2ms)[0m  BEGIN
  [1m[36mSQL (0.8ms)[0m  [1mUPDATE "users" SET "current_sign_in_at" = $1, "current_sign_in_ip" = $2, "last_sign_in_at" = $3, "last_sign_in_ip" = $4, "sign_in_count" = $5, "updated_at" = $6 WHERE "users"."id" = 1[0m  [["current_sign_in_at", "2014-06-13 19:04:35.775641"], ["current_sign_in_ip", "127.0.0.1"], ["last_sign_in_at", "2014-06-13 19:04:35.775641"], ["last_sign_in_ip", "127.0.0.1"], ["sign_in_count", 1], ["updated_at", "2014-06-13 19:04:35.777795"]]
  [1m[35m (18.1ms)[0m  COMMIT
Redirected to http://localhost:3000/
Completed 302 Found in 590ms (ActiveRecord: 236.5ms)


Started GET "/" for 127.0.0.1 at 2014-06-13 14:04:35 -0500
Processing by WelcomeController#index as HTML
  Rendered welcome/index.html.erb within layouts/application (0.3ms)
Completed 200 OK in 31ms (Views: 30.5ms | ActiveRecord: 0.0ms)


Started GET "/assets/user.css?body=1" for 127.0.0.1 at 2014-06-13 14:04:36 -0500


Started GET "/assets/application.css?body=1" for 127.0.0.1 at 2014-06-13 14:04:36 -0500


Started GET "/assets/jquery.js?body=1" for 127.0.0.1 at 2014-06-13 14:04:36 -0500


Started GET "/assets/jquery_ujs.js?body=1" for 127.0.0.1 at 2014-06-13 14:04:36 -0500


Started GET "/assets/turbolinks.js?body=1" for 127.0.0.1 at 2014-06-13 14:04:36 -0500


Started GET "/assets/user.js?body=1" for 127.0.0.1 at 2014-06-13 14:04:36 -0500


Started GET "/assets/application.js?body=1" for 127.0.0.1 at 2014-06-13 14:04:36 -0500
  [1m[36mUser Load (37.9ms)[0m  [1mSELECT "users".* FROM "users"[0m
  [1m[35mUser Load (1.0ms)[0m  SELECT  "users".* FROM "users"   ORDER BY "users"."id" ASC LIMIT 1
  [1m[36mEvent Load (18.8ms)[0m  [1mSELECT "events".* FROM "events"  WHERE "events"."responder_id" = $1[0m  [["responder_id", 1]]
  [1m[35mUser Load (0.5ms)[0m  SELECT  "users".* FROM "users"   ORDER BY "users"."id" ASC LIMIT 1
  [1m[36mEvent Load (0.2ms)[0m  [1mSELECT "events".* FROM "events"  WHERE "events"."requester_id" = $1[0m  [["requester_id", 1]]
  [1m[35mUser Load (0.7ms)[0m  SELECT  "users".* FROM "users"   ORDER BY "users"."id" ASC LIMIT 1
  [1m[36mEvent Load (0.4ms)[0m  [1mSELECT "events".* FROM "events"  WHERE "events"."requester_id" = $1[0m  [["requester_id", 1]]
  [1m[35mUser Load (0.6ms)[0m  SELECT  "users".* FROM "users"  WHERE "users"."id" = $1 LIMIT 1  [["id", 1]]
  [1m[36mUser Load (0.7ms)[0m  [1mSELECT  "users".* FROM "users"   ORDER BY "users"."id" ASC LIMIT 1[0m
  [1m[35mEvent Load (0.5ms)[0m  SELECT "events".* FROM "events"  WHERE "events"."requester_id" = $1  [["requester_id", 1]]
  [1m[36m (0.3ms)[0m  [1mBEGIN[0m
  [1m[35mSQL (12.1ms)[0m  INSERT INTO "events" ("created_at", "requester_id", "responder_id", "updated_at") VALUES ($1, $2, $3, $4) RETURNING "id"  [["created_at", "2014-06-13 19:08:11.529376"], ["requester_id", 1], ["responder_id", 1], ["updated_at", "2014-06-13 19:08:11.529376"]]
  [1m[36m (0.8ms)[0m  [1mCOMMIT[0m
  [1m[35mEvent Load (0.7ms)[0m  SELECT "events".* FROM "events"  WHERE "events"."responder_id" = $1  [["responder_id", 1]]
  [1m[36mUser Load (0.7ms)[0m  [1mSELECT  "users".* FROM "users"  WHERE "users"."id" = $1 LIMIT 1[0m  [["id", 1]]
  [1m[35m (0.2ms)[0m  BEGIN
  [1m[36mSQL (0.3ms)[0m  [1mINSERT INTO "events" ("created_at", "requester_id", "updated_at") VALUES ($1, $2, $3) RETURNING "id"[0m  [["created_at", "2014-06-13 19:09:35.400998"], ["requester_id", 1], ["updated_at", "2014-06-13 19:09:35.400998"]]
  [1m[35m (0.6ms)[0m  COMMIT
  [1m[36mUser Load (0.6ms)[0m  [1mSELECT  "users".* FROM "users"  WHERE "users"."id" = $1 LIMIT 1[0m  [["id", 1]]
  [1m[35mUser Load (0.5ms)[0m  SELECT  "users".* FROM "users"  WHERE "users"."id" = $1 LIMIT 1  [["id", 1]]
